Using pre-set license
Built from '2021.1/release' branch; Version is '2021.1.0f1 (61a549675243) revision 6399305'; Using compiler version '192528614'; Build Type 'Release'
OS: 'Windows 10 Pro; OS build 18363.1379; Version 1909; 64bit' Language: 'ru' Physical Memory: 8106 MB
BatchMode: 1, IsHumanControllingUs: 0, StartBugReporterOnCrash: 0, Is64bit: 1, IsPro: 0

 COMMAND LINE ARGUMENTS:
E:\Projects\2021.1.0f1\Editor\Unity.exe
-adb2
-batchMode
-noUpm
-name
AssetImportWorker0
-projectPath
E:/BallShoot3D/Ball Shoot 3D
-logFile
Logs/AssetImportWorker0.log
-srvPort
51386
Successfully changed project path to: E:/BallShoot3D/Ball Shoot 3D
E:/BallShoot3D/Ball Shoot 3D
Using Asset Import Pipeline V2.
Refreshing native plugins compatible for Editor in 84.29 ms, found 1 plugins.
Preloading 0 native plugins for Editor in 0.00 ms.
Initialize engine version: 2021.1.0f1 (61a549675243)
[Subsystems] Discovering subsystems at path E:/Projects/2021.1.0f1/Editor/Data/Resources/UnitySubsystems
[Subsystems] Discovering subsystems at path E:/BallShoot3D/Ball Shoot 3D/Assets
GfxDevice: creating device client; threaded=0; jobified=0
Direct3D:
    Version:  Direct3D 11.0 [level 11.1]
    Renderer: NVIDIA GeForce GTX 1050 (ID=0x1c8d)
    Vendor:   NVIDIA
    VRAM:     1977 MB
    Driver:   27.21.14.6589
Initialize mono
Mono path[0] = 'E:/Projects/2021.1.0f1/Editor/Data/Managed'
Mono path[1] = 'E:/Projects/2021.1.0f1/Editor/Data/MonoBleedingEdge/lib/mono/unityjit'
Mono config path = 'E:/Projects/2021.1.0f1/Editor/Data/MonoBleedingEdge/etc'
Using monoOptions --debugger-agent=transport=dt_socket,embedding=1,server=y,suspend=n,address=127.0.0.1:56096
Begin MonoManager ReloadAssembly
Registering precompiled unity dll's ...
Register platform support module: E:/Projects/2021.1.0f1/Editor/Data/PlaybackEngines/WindowsStandaloneSupport/UnityEditor.WindowsStandalone.Extensions.dll
Registered in 0.000933 seconds.
Native extension for WindowsStandalone target not found
Refreshing native plugins compatible for Editor in 79.94 ms, found 1 plugins.
Preloading 0 native plugins for Editor in 0.00 ms.
Mono: successfully reloaded assembly
- Completed reload, in  1.557 seconds
Platform modules already initialized, skipping
Registering precompiled user dll's ...
Registered in 0.002362 seconds.
Begin MonoManager ReloadAssembly
Native extension for WindowsStandalone target not found
Refreshing native plugins compatible for Editor in 0.52 ms, found 1 plugins.
Preloading 0 native plugins for Editor in 0.00 ms.
Mono: successfully reloaded assembly
- Completed reload, in  1.080 seconds
Platform modules already initialized, skipping
========================================================================
Worker process is ready to serve import requests
Launched and connected shader compiler UnityShaderCompiler.exe after 0.12 seconds
Refreshing native plugins compatible for Editor in 0.47 ms, found 1 plugins.
Preloading 0 native plugins for Editor in 0.00 ms.
Unloading 2683 Unused Serialized files (Serialized files now loaded: 0)
System memory in use before: 117.2 MB.
System memory in use after: 117.4 MB.

Unloading 15 unused Assets to reduce memory usage. Loaded Objects now: 3159.
Total: 2.564200 ms (FindLiveObjects: 0.290700 ms CreateObjectMapping: 0.198900 ms MarkObjects: 1.997100 ms  DeleteObjects: 0.076500 ms)

========================================================================
Received Import Request.
  path: Assets/iconfinder_system-restart-panel_79699.png
  artifactKey: Guid(ff0a35f3fa5735641a63aea564c1ecb7) Importer(815301076,1909f56bfc062723c751e8b465ee728b)
Start importing Assets/iconfinder_system-restart-panel_79699.png using Guid(ff0a35f3fa5735641a63aea564c1ecb7) Importer(815301076,1909f56bfc062723c751e8b465ee728b)  -> (artifact id: 'c13605564816e6443b4e3fb177362179') in 0.762373 seconds 
========================================================================
Received Prepare
Registering precompiled user dll's ...
Registered in 0.002311 seconds.
Begin MonoManager ReloadAssembly
Native extension for WindowsStandalone target not found
Refreshing native plugins compatible for Editor in 0.50 ms, found 1 plugins.
Preloading 0 native plugins for Editor in 0.00 ms.
Mono: successfully reloaded assembly
- Completed reload, in  0.908 seconds
Platform modules already initialized, skipping
Switching build target platform(19) subTarget(0) extendedPlatform(0) -> platform(13) subTarget(589824) extendedPlatform(0)
Refreshing native plugins compatible for Editor in 0.51 ms, found 1 plugins.
Preloading 0 native plugins for Editor in 0.00 ms.
Unloading 2672 Unused Serialized files (Serialized files now loaded: 0)
System memory in use before: 117.4 MB.
System memory in use after: 117.6 MB.

Unloading 19 unused Assets to reduce memory usage. Loaded Objects now: 3170.
Total: 2.961600 ms (FindLiveObjects: 0.578500 ms CreateObjectMapping: 0.248900 ms MarkObjects: 2.077900 ms  DeleteObjects: 0.055000 ms)

AssetImportParameters requested are different than current active one (requested -> active):
  custom:graphics/normal-map-encoding: 01000000000000000000000000000000 -> 02000000000000000000000000000000
========================================================================
Received Prepare
Registering precompiled user dll's ...
Registered in 0.002345 seconds.
Begin MonoManager ReloadAssembly
Native extension for WindowsStandalone target not found
Refreshing native plugins compatible for Editor in 0.54 ms, found 1 plugins.
Preloading 0 native plugins for Editor in 0.00 ms.
Mono: successfully reloaded assembly
- Completed reload, in  0.935 seconds
Platform modules already initialized, skipping
Switching build target platform(19) subTarget(0) extendedPlatform(0) -> platform(13) subTarget(589824) extendedPlatform(0)
Refreshing native plugins compatible for Editor in 0.49 ms, found 1 plugins.
Preloading 0 native plugins for Editor in 0.00 ms.
Unloading 2671 Unused Serialized files (Serialized files now loaded: 0)
System memory in use before: 117.4 MB.
System memory in use after: 117.6 MB.

Unloading 10 unused Assets to reduce memory usage. Loaded Objects now: 3173.
Total: 2.180300 ms (FindLiveObjects: 0.240600 ms CreateObjectMapping: 0.140100 ms MarkObjects: 1.752300 ms  DeleteObjects: 0.046500 ms)

AssetImportParameters requested are different than current active one (requested -> active):
  custom:graphics/normal-map-encoding: 01000000000000000000000000000000 -> 02000000000000000000000000000000
========================================================================
Received Import Request.
  Time since last request: 216.876306 seconds.
  path: Assets/Cylinder.prefab
  artifactKey: Guid(c7714930b1d7ffd4a892297dfa655edd) Importer(815301076,1909f56bfc062723c751e8b465ee728b)
Start importing Assets/Cylinder.prefab using Guid(c7714930b1d7ffd4a892297dfa655edd) Importer(815301076,1909f56bfc062723c751e8b465ee728b)  -> (artifact id: 'cd3692456cab433ce29584ece3584e90') in 0.431045 seconds 
========================================================================
Received Prepare
Registering precompiled user dll's ...
Registered in 0.002345 seconds.
Begin MonoManager ReloadAssembly
Native extension for WindowsStandalone target not found
Refreshing native plugins compatible for Editor in 0.51 ms, found 1 plugins.
Preloading 0 native plugins for Editor in 0.00 ms.
Mono: successfully reloaded assembly
- Completed reload, in  0.911 seconds
Platform modules already initialized, skipping
Switching build target platform(19) subTarget(0) extendedPlatform(0) -> platform(13) subTarget(589824) extendedPlatform(0)
Refreshing native plugins compatible for Editor in 0.49 ms, found 1 plugins.
Preloading 0 native plugins for Editor in 0.00 ms.
Unloading 2671 Unused Serialized files (Serialized files now loaded: 0)
System memory in use before: 121.1 MB.
System memory in use after: 121.3 MB.

Unloading 10 unused Assets to reduce memory usage. Loaded Objects now: 3183.
Total: 2.300900 ms (FindLiveObjects: 0.266800 ms CreateObjectMapping: 0.157400 ms MarkObjects: 1.821800 ms  DeleteObjects: 0.053900 ms)

AssetImportParameters requested are different than current active one (requested -> active):
  custom:graphics/normal-map-encoding: 01000000000000000000000000000000 -> 02000000000000000000000000000000
========================================================================
Received Import Request.
  Time since last request: 180.393073 seconds.
  path: Assets/Cylinder.prefab
  artifactKey: Guid(c7714930b1d7ffd4a892297dfa655edd) Importer(815301076,1909f56bfc062723c751e8b465ee728b)
Start importing Assets/Cylinder.prefab using Guid(c7714930b1d7ffd4a892297dfa655edd) Importer(815301076,1909f56bfc062723c751e8b465ee728b)  -> (artifact id: '588a944dcaa796011246fa3a70bce20f') in 0.128825 seconds 
========================================================================
Received Import Request.
  Time since last request: 1.697638 seconds.
  path: Assets/Cylinder.prefab
  artifactKey: Guid(c7714930b1d7ffd4a892297dfa655edd) Importer(815301076,1909f56bfc062723c751e8b465ee728b)
Start importing Assets/Cylinder.prefab using Guid(c7714930b1d7ffd4a892297dfa655edd) Importer(815301076,1909f56bfc062723c751e8b465ee728b)  -> (artifact id: '3f7c3b6e4e8fccb87ed389f01061c378') in 0.009238 seconds 
========================================================================
Received Import Request.
  Time since last request: 9.396402 seconds.
  path: Assets/Ball.prefab
  artifactKey: Guid(7c80e25cd482a9b40b8b621b1325ae8a) Importer(815301076,1909f56bfc062723c751e8b465ee728b)
Start importing Assets/Ball.prefab using Guid(7c80e25cd482a9b40b8b621b1325ae8a) Importer(815301076,1909f56bfc062723c751e8b465ee728b)  -> (artifact id: '0fcea424f766e218aa662149db5845fb') in 0.017689 seconds 
========================================================================
Received Import Request.
  Time since last request: 7.306492 seconds.
  path: Assets/Ball.prefab
  artifactKey: Guid(7c80e25cd482a9b40b8b621b1325ae8a) Importer(815301076,1909f56bfc062723c751e8b465ee728b)
Start importing Assets/Ball.prefab using Guid(7c80e25cd482a9b40b8b621b1325ae8a) Importer(815301076,1909f56bfc062723c751e8b465ee728b)  -> (artifact id: '541584ed1d933462cbdd1b0f1b944be7') in 0.007970 seconds 
========================================================================
Received Import Request.
  Time since last request: 2.708746 seconds.
  path: Assets/Ball.prefab
  artifactKey: Guid(7c80e25cd482a9b40b8b621b1325ae8a) Importer(815301076,1909f56bfc062723c751e8b465ee728b)
Start importing Assets/Ball.prefab using Guid(7c80e25cd482a9b40b8b621b1325ae8a) Importer(815301076,1909f56bfc062723c751e8b465ee728b)  -> (artifact id: '664315127f5b8f04d8b8f779db7478fa') in 0.011366 seconds 
========================================================================
Received Import Request.
  Time since last request: 44.528186 seconds.
  path: Assets/Ball.prefab
  artifactKey: Guid(7c80e25cd482a9b40b8b621b1325ae8a) Importer(815301076,1909f56bfc062723c751e8b465ee728b)
Start importing Assets/Ball.prefab using Guid(7c80e25cd482a9b40b8b621b1325ae8a) Importer(815301076,1909f56bfc062723c751e8b465ee728b)  -> (artifact id: '8df6018338bb093e2e564185cc9dbbf4') in 0.014432 seconds 
========================================================================
Received Import Request.
  Time since last request: 8.348833 seconds.
  path: Assets/Ball.prefab
  artifactKey: Guid(7c80e25cd482a9b40b8b621b1325ae8a) Importer(815301076,1909f56bfc062723c751e8b465ee728b)
Start importing Assets/Ball.prefab using Guid(7c80e25cd482a9b40b8b621b1325ae8a) Importer(815301076,1909f56bfc062723c751e8b465ee728b)  -> (artifact id: '4b82aebcc1fc712803b0cdae8fb5fab6') in 0.020896 seconds 
========================================================================
Received Prepare
Registering precompiled user dll's ...
Registered in 0.002241 seconds.
Begin MonoManager ReloadAssembly
Native extension for WindowsStandalone target not found
Refreshing native plugins compatible for Editor in 0.48 ms, found 1 plugins.
Preloading 0 native plugins for Editor in 0.00 ms.
Mono: successfully reloaded assembly
- Completed reload, in  0.924 seconds
Platform modules already initialized, skipping
Switching build target platform(19) subTarget(0) extendedPlatform(0) -> platform(13) subTarget(589824) extendedPlatform(0)
Refreshing native plugins compatible for Editor in 0.47 ms, found 1 plugins.
Preloading 0 native plugins for Editor in 0.00 ms.
Unloading 2671 Unused Serialized files (Serialized files now loaded: 0)
System memory in use before: 121.1 MB.
System memory in use after: 121.3 MB.

Unloading 10 unused Assets to reduce memory usage. Loaded Objects now: 3188.
Total: 2.231700 ms (FindLiveObjects: 0.268700 ms CreateObjectMapping: 0.129600 ms MarkObjects: 1.781500 ms  DeleteObjects: 0.050900 ms)

AssetImportParameters requested are different than current active one (requested -> active):
  custom:graphics/normal-map-encoding: 01000000000000000000000000000000 -> 02000000000000000000000000000000
========================================================================
Received Import Request.
  Time since last request: 444.222236 seconds.
  path: Assets/Scenes/Lose.unity
  artifactKey: Guid(3585a57102f5ce24c987b4f6095a32f5) Importer(815301076,1909f56bfc062723c751e8b465ee728b)
Start importing Assets/Scenes/Lose.unity using Guid(3585a57102f5ce24c987b4f6095a32f5) Importer(815301076,1909f56bfc062723c751e8b465ee728b)  -> (artifact id: '5d2790c21e12e50a38175126080c3102') in 0.020751 seconds 
========================================================================
Received Import Request.
  Time since last request: 626.930949 seconds.
  path: Assets/Scenes/Game.unity
  artifactKey: Guid(9fc0d4010bbf28b4594072e72b8655ab) Importer(815301076,1909f56bfc062723c751e8b465ee728b)
Start importing Assets/Scenes/Game.unity using Guid(9fc0d4010bbf28b4594072e72b8655ab) Importer(815301076,1909f56bfc062723c751e8b465ee728b)  -> (artifact id: '5f6f092a55d57d51a4f1fdcb560a9efb') in 0.007490 seconds 
========================================================================
Received Prepare
Refreshing native plugins compatible for Editor in 1.69 ms, found 1 plugins.
Preloading 0 native plugins for Editor in 0.00 ms.
Unloading 8 Unused Serialized files (Serialized files now loaded: 0)
System memory in use before: 68.5 MB.
System memory in use after: 68.7 MB.

Unloading 8 unused Assets to reduce memory usage. Loaded Objects now: 3188.
Total: 3.380300 ms (FindLiveObjects: 0.255400 ms CreateObjectMapping: 0.141800 ms MarkObjects: 2.922700 ms  DeleteObjects: 0.058700 ms)

AssetImportWorkerClient::OnTransportError - code=2 error=End of file
